<?xml version="1.0" encoding="UTF-8"?>
<!-- Generated by org.testng.reporters.JUnitReportReporter -->
<testsuite hostname="Nexsoft" failures="0" tests="25" name="runner.promotion.HRISPagePromotionJabatan" time="1975.088" errors="2" timestamp="2022-07-14T16:27:29 ICT" skipped="0">
  <testcase classname="runner.promotion.HRISPagePromotionJabatan" name="runScenario" time="73.291"/>
  <system-out/>
  <testcase classname="runner.promotion.HRISPagePromotionJabatan" name="runScenario" time="73.841"/>
  <system-out/>
  <testcase classname="runner.promotion.HRISPagePromotionJabatan" name="runScenario" time="72.779"/>
  <system-out/>
  <testcase classname="runner.promotion.HRISPagePromotionJabatan" name="runScenario" time="73.268"/>
  <system-out/>
  <testcase classname="runner.promotion.HRISPagePromotionJabatan" name="runScenario" time="80.155"/>
  <system-out/>
  <testcase classname="runner.promotion.HRISPagePromotionJabatan" name="runScenario" time="86.109"/>
  <system-out/>
  <testcase classname="runner.promotion.HRISPagePromotionJabatan" name="runScenario" time="75.077"/>
  <system-out/>
  <testcase classname="runner.promotion.HRISPagePromotionJabatan" name="runScenario" time="74.015"/>
  <system-out/>
  <testcase classname="runner.promotion.HRISPagePromotionJabatan" name="runScenario" time="78.201"/>
  <system-out/>
  <testcase classname="runner.promotion.HRISPagePromotionJabatan" name="runScenario" time="72.519"/>
  <system-out/>
  <testcase classname="runner.promotion.HRISPagePromotionJabatan" name="runScenario" time="76.873"/>
  <system-out/>
  <testcase classname="runner.promotion.HRISPagePromotionJabatan" name="runScenario" time="74.921"/>
  <system-out/>
  <testcase classname="runner.promotion.HRISPagePromotionJabatan" name="runScenario" time="90.642"/>
  <system-out/>
  <testcase classname="runner.promotion.HRISPagePromotionJabatan" name="runScenario" time="74.196"/>
  <system-out/>
  <testcase classname="runner.promotion.HRISPagePromotionJabatan" name="runScenario" time="86.435"/>
  <system-out/>
  <testcase classname="runner.promotion.HRISPagePromotionJabatan" name="runScenario" time="90.028"/>
  <system-out/>
  <testcase classname="runner.promotion.HRISPagePromotionJabatan" name="runScenario" time="105.181">
    <error message="no such element: Unable to locate element: {&quot;method&quot;:&quot;xpath&quot;,&quot;selector&quot;:&quot;//div[@class=&#039;alert alert-warning alert-dismissible fade show&#039;]&quot;}
  (Session info: chrome=103.0.5060.114)
For documentation on this error, please visit: https://selenium.dev/exceptions/#no_such_element
Build info: version: &#039;4.0.0&#039;, revision: &#039;3a21814679&#039;
System info: host: &#039;NEXSOFT&#039;, ip: &#039;10.0.0.23&#039;, os.name: &#039;Windows 11&#039;, os.arch: &#039;amd64&#039;, os.version: &#039;10.0&#039;, java.version: &#039;11.0.15&#039;
Driver info: org.openqa.selenium.chrome.ChromeDriver
Command: [c49e149844458b4e415e5402271821c3, findElement {using=xpath, value=//div[@class=&#039;alert alert-warning alert-dismissible fade show&#039;]}]
Capabilities {acceptInsecureCerts: false, browserName: chrome, browserVersion: 103.0.5060.114, chrome: {chromedriverVersion: 102.0.5005.61 (0e59bcc00cc4..., userDataDir: C:\Users\62822\AppData\Loca...}, goog:chromeOptions: {debuggerAddress: localhost:64934}, javascriptEnabled: true, networkConnectionEnabled: false, pageLoadStrategy: normal, platform: WINDOWS, platformName: WINDOWS, proxy: Proxy(), se:cdp: ws://localhost:64934/devtoo..., se:cdpVersion: 103.0.5060.114, setWindowRect: true, strictFileInteractability: false, timeouts: {implicit: 0, pageLoad: 300000, script: 30000}, unhandledPromptBehavior: dismiss and notify, webauthn:extension:credBlob: true, webauthn:extension:largeBlob: true, webauthn:virtualAuthenticators: true}
Session ID: c49e149844458b4e415e5402271821c3" type="org.openqa.selenium.NoSuchElementException">
      <![CDATA[org.openqa.selenium.NoSuchElementException: no such element: Unable to locate element: {"method":"xpath","selector":"//div[@class='alert alert-warning alert-dismissible fade show']"}
  (Session info: chrome=103.0.5060.114)
For documentation on this error, please visit: https://selenium.dev/exceptions/#no_such_element
Build info: version: '4.0.0', revision: '3a21814679'
System info: host: 'NEXSOFT', ip: '10.0.0.23', os.name: 'Windows 11', os.arch: 'amd64', os.version: '10.0', java.version: '11.0.15'
Driver info: org.openqa.selenium.chrome.ChromeDriver
Command: [c49e149844458b4e415e5402271821c3, findElement {using=xpath, value=//div[@class='alert alert-warning alert-dismissible fade show']}]
Capabilities {acceptInsecureCerts: false, browserName: chrome, browserVersion: 103.0.5060.114, chrome: {chromedriverVersion: 102.0.5005.61 (0e59bcc00cc4..., userDataDir: C:\Users\62822\AppData\Loca...}, goog:chromeOptions: {debuggerAddress: localhost:64934}, javascriptEnabled: true, networkConnectionEnabled: false, pageLoadStrategy: normal, platform: WINDOWS, platformName: WINDOWS, proxy: Proxy(), se:cdp: ws://localhost:64934/devtoo..., se:cdpVersion: 103.0.5060.114, setWindowRect: true, strictFileInteractability: false, timeouts: {implicit: 0, pageLoad: 300000, script: 30000}, unhandledPromptBehavior: dismiss and notify, webauthn:extension:credBlob: true, webauthn:extension:largeBlob: true, webauthn:virtualAuthenticators: true}
Session ID: c49e149844458b4e415e5402271821c3
at java.base/jdk.internal.reflect.NativeConstructorAccessorImpl.newInstance0(Native Method)
at java.base/jdk.internal.reflect.NativeConstructorAccessorImpl.newInstance(NativeConstructorAccessorImpl.java:62)
at java.base/jdk.internal.reflect.DelegatingConstructorAccessorImpl.newInstance(DelegatingConstructorAccessorImpl.java:45)
at java.base/java.lang.reflect.Constructor.newInstance(Constructor.java:490)
at org.openqa.selenium.remote.codec.w3c.W3CHttpResponseCodec.createException(W3CHttpResponseCodec.java:200)
at org.openqa.selenium.remote.codec.w3c.W3CHttpResponseCodec.decode(W3CHttpResponseCodec.java:133)
at org.openqa.selenium.remote.codec.w3c.W3CHttpResponseCodec.decode(W3CHttpResponseCodec.java:53)
at org.openqa.selenium.remote.HttpCommandExecutor.execute(HttpCommandExecutor.java:184)
at org.openqa.selenium.remote.service.DriverCommandExecutor.invokeExecute(DriverCommandExecutor.java:164)
at org.openqa.selenium.remote.service.DriverCommandExecutor.execute(DriverCommandExecutor.java:139)
at org.openqa.selenium.remote.RemoteWebDriver.execute(RemoteWebDriver.java:559)
at org.openqa.selenium.remote.ElementLocation$ElementFinder$2.findElement(ElementLocation.java:162)
at org.openqa.selenium.remote.ElementLocation.findElement(ElementLocation.java:60)
at org.openqa.selenium.remote.RemoteWebDriver.findElement(RemoteWebDriver.java:383)
at org.openqa.selenium.remote.RemoteWebDriver.findElement(RemoteWebDriver.java:375)
at org.openqa.selenium.support.pagefactory.DefaultElementLocator.findElement(DefaultElementLocator.java:70)
at org.openqa.selenium.support.pagefactory.internal.LocatingElementHandler.invoke(LocatingElementHandler.java:39)
at com.sun.proxy.$Proxy28.getText(Unknown Source)
at definitions.promotion.HRISPagePromotionDefine.validasi_Data_Tersimpan(HRISPagePromotionDefine.java:704)
at ✽.Validasi data tersimpan(file:///D:/EclipseWorkSpace/TA_HRIS/src/test/resources/features/005-MODUL%20PROMOTION/HRISAddPromotionJabatan.feature:74)
]]>
    </error>
  </testcase> <!-- runScenario -->
  <system-out>
    <![CDATA[<img src='file://D:\EclipseWorkSpace\TA_HRIS\src\test\resources\SS\20220714_151649.PNG'height="350" width="792"/>]]>
  </system-out>
  <testcase classname="runner.promotion.HRISPagePromotionJabatan" name="runScenario" time="74.786"/>
  <system-out/>
  <testcase classname="runner.promotion.HRISPagePromotionJabatan" name="runScenario" time="73.539"/>
  <system-out/>
  <testcase classname="runner.promotion.HRISPagePromotionJabatan" name="runScenario" time="85.435"/>
  <system-out/>
  <testcase classname="runner.promotion.HRISPagePromotionJabatan" name="runScenario" time="77.818"/>
  <system-out/>
  <testcase classname="runner.promotion.HRISPagePromotionJabatan" name="runScenario" time="95.767"/>
  <system-out/>
  <testcase classname="runner.promotion.HRISPagePromotionJabatan" name="runScenario" time="85.756"/>
  <system-out/>
  <testcase classname="runner.promotion.HRISPagePromotionJabatan" name="runScenario" time="75.731"/>
  <system-out/>
  <testcase classname="runner.promotion.HRISPagePromotionJabatan" name="runScenario" time="48.725">
    <error message="element not interactable
  (Session info: chrome=103.0.5060.114)
Build info: version: &#039;4.0.0&#039;, revision: &#039;3a21814679&#039;
System info: host: &#039;NEXSOFT&#039;, ip: &#039;10.0.0.23&#039;, os.name: &#039;Windows 11&#039;, os.arch: &#039;amd64&#039;, os.version: &#039;10.0&#039;, java.version: &#039;11.0.15&#039;
Driver info: org.openqa.selenium.chrome.ChromeDriver
Command: [7153306cc8cc4c42071da05d5f1ba87b, clickElement {id=4025d378-0788-47ea-9002-f24789f11652}]
Capabilities {acceptInsecureCerts: false, browserName: chrome, browserVersion: 103.0.5060.114, chrome: {chromedriverVersion: 102.0.5005.61 (0e59bcc00cc4..., userDataDir: C:\Users\62822\AppData\Loca...}, goog:chromeOptions: {debuggerAddress: localhost:65209}, javascriptEnabled: true, networkConnectionEnabled: false, pageLoadStrategy: normal, platform: WINDOWS, platformName: WINDOWS, proxy: Proxy(), se:cdp: ws://localhost:65209/devtoo..., se:cdpVersion: 103.0.5060.114, setWindowRect: true, strictFileInteractability: false, timeouts: {implicit: 0, pageLoad: 300000, script: 30000}, unhandledPromptBehavior: dismiss and notify, webauthn:extension:credBlob: true, webauthn:extension:largeBlob: true, webauthn:virtualAuthenticators: true}
Element: [[ChromeDriver: chrome on WINDOWS (7153306cc8cc4c42071da05d5f1ba87b)] -&gt; xpath: /html[1]/body[1]/div[5]/form[1]/div[6]/div[1]/div[1]/div[2]/table[1]/tbody[1]/tr[3]/td[2]/input[1]]
Session ID: 7153306cc8cc4c42071da05d5f1ba87b" type="org.openqa.selenium.ElementNotInteractableException">
      <![CDATA[org.openqa.selenium.ElementNotInteractableException: element not interactable
  (Session info: chrome=103.0.5060.114)
Build info: version: '4.0.0', revision: '3a21814679'
System info: host: 'NEXSOFT', ip: '10.0.0.23', os.name: 'Windows 11', os.arch: 'amd64', os.version: '10.0', java.version: '11.0.15'
Driver info: org.openqa.selenium.chrome.ChromeDriver
Command: [7153306cc8cc4c42071da05d5f1ba87b, clickElement {id=4025d378-0788-47ea-9002-f24789f11652}]
Capabilities {acceptInsecureCerts: false, browserName: chrome, browserVersion: 103.0.5060.114, chrome: {chromedriverVersion: 102.0.5005.61 (0e59bcc00cc4..., userDataDir: C:\Users\62822\AppData\Loca...}, goog:chromeOptions: {debuggerAddress: localhost:65209}, javascriptEnabled: true, networkConnectionEnabled: false, pageLoadStrategy: normal, platform: WINDOWS, platformName: WINDOWS, proxy: Proxy(), se:cdp: ws://localhost:65209/devtoo..., se:cdpVersion: 103.0.5060.114, setWindowRect: true, strictFileInteractability: false, timeouts: {implicit: 0, pageLoad: 300000, script: 30000}, unhandledPromptBehavior: dismiss and notify, webauthn:extension:credBlob: true, webauthn:extension:largeBlob: true, webauthn:virtualAuthenticators: true}
Element: [[ChromeDriver: chrome on WINDOWS (7153306cc8cc4c42071da05d5f1ba87b)] -> xpath: /html[1]/body[1]/div[5]/form[1]/div[6]/div[1]/div[1]/div[2]/table[1]/tbody[1]/tr[3]/td[2]/input[1]]
Session ID: 7153306cc8cc4c42071da05d5f1ba87b
at java.base/jdk.internal.reflect.NativeConstructorAccessorImpl.newInstance0(Native Method)
at java.base/jdk.internal.reflect.NativeConstructorAccessorImpl.newInstance(NativeConstructorAccessorImpl.java:62)
at java.base/jdk.internal.reflect.DelegatingConstructorAccessorImpl.newInstance(DelegatingConstructorAccessorImpl.java:45)
at java.base/java.lang.reflect.Constructor.newInstance(Constructor.java:490)
at org.openqa.selenium.remote.codec.w3c.W3CHttpResponseCodec.createException(W3CHttpResponseCodec.java:200)
at org.openqa.selenium.remote.codec.w3c.W3CHttpResponseCodec.decode(W3CHttpResponseCodec.java:133)
at org.openqa.selenium.remote.codec.w3c.W3CHttpResponseCodec.decode(W3CHttpResponseCodec.java:53)
at org.openqa.selenium.remote.HttpCommandExecutor.execute(HttpCommandExecutor.java:184)
at org.openqa.selenium.remote.service.DriverCommandExecutor.invokeExecute(DriverCommandExecutor.java:164)
at org.openqa.selenium.remote.service.DriverCommandExecutor.execute(DriverCommandExecutor.java:139)
at org.openqa.selenium.remote.RemoteWebDriver.execute(RemoteWebDriver.java:559)
at org.openqa.selenium.remote.RemoteWebElement.execute(RemoteWebElement.java:251)
at org.openqa.selenium.remote.RemoteWebElement.click(RemoteWebElement.java:77)
at pom.PromotionPage.setAnswer02(PromotionPage.java:389)
at definitions.promotion.HRISPagePromotionDefine.select_Value(HRISPagePromotionDefine.java:289)
at ✽.User mengisi penilaian 6,2,5,5,4,4,4,4,4,4(file:///D:/EclipseWorkSpace/TA_HRIS/src/test/resources/features/005-MODUL%20PROMOTION/HRISAddPromotionJabatan.feature:64)
]]>
    </error>
  </testcase> <!-- runScenario -->
  <system-out>
    <![CDATA[<img src='file://D:\EclipseWorkSpace\TA_HRIS\src\test\resources\SS\20220714_152300.PNG'height="350" width="792"/>]]>
  </system-out>
</testsuite> <!-- runner.promotion.HRISPagePromotionJabatan -->
