<?xml version="1.0" encoding="UTF-8"?>
<!-- Generated by org.testng.reporters.JUnitReportReporter -->
<testsuite hostname="Nexsoft" failures="1" tests="25" name="runner.promotion_history.HRISPromotionHistory02Runner" time="507.933" errors="0" timestamp="2022-07-13T13:26:49 ICT" skipped="0">
  <testcase classname="runner.promotion_history.HRISPromotionHistory02Runner" name="runScenario" time="22.529"/>
  <system-out/>
  <testcase classname="runner.promotion_history.HRISPromotionHistory02Runner" name="runScenario" time="18.263"/>
  <system-out/>
  <testcase classname="runner.promotion_history.HRISPromotionHistory02Runner" name="runScenario" time="25.689"/>
  <system-out/>
  <testcase classname="runner.promotion_history.HRISPromotionHistory02Runner" name="runScenario" time="21.643"/>
  <system-out/>
  <testcase classname="runner.promotion_history.HRISPromotionHistory02Runner" name="runScenario" time="19.997"/>
  <system-out/>
  <testcase classname="runner.promotion_history.HRISPromotionHistory02Runner" name="runScenario" time="23.678"/>
  <system-out/>
  <testcase classname="runner.promotion_history.HRISPromotionHistory02Runner" name="runScenario" time="20.764"/>
  <system-out/>
  <testcase classname="runner.promotion_history.HRISPromotionHistory02Runner" name="runScenario" time="21.009"/>
  <system-out/>
  <testcase classname="runner.promotion_history.HRISPromotionHistory02Runner" name="runScenario" time="17.982"/>
  <system-out/>
  <testcase classname="runner.promotion_history.HRISPromotionHistory02Runner" name="runScenario" time="26.514"/>
  <system-out/>
  <testcase classname="runner.promotion_history.HRISPromotionHistory02Runner" name="runScenario" time="17.298"/>
  <system-out/>
  <testcase classname="runner.promotion_history.HRISPromotionHistory02Runner" name="runScenario" time="16.740"/>
  <system-out/>
  <testcase classname="runner.promotion_history.HRISPromotionHistory02Runner" name="runScenario" time="18.670"/>
  <system-out/>
  <testcase classname="runner.promotion_history.HRISPromotionHistory02Runner" name="runScenario" time="17.646"/>
  <system-out/>
  <testcase classname="runner.promotion_history.HRISPromotionHistory02Runner" name="runScenario" time="18.928"/>
  <system-out/>
  <testcase classname="runner.promotion_history.HRISPromotionHistory02Runner" name="runScenario" time="17.595"/>
  <system-out/>
  <testcase classname="runner.promotion_history.HRISPromotionHistory02Runner" name="runScenario" time="16.748"/>
  <system-out/>
  <testcase classname="runner.promotion_history.HRISPromotionHistory02Runner" name="runScenario" time="22.523"/>
  <system-out/>
  <testcase classname="runner.promotion_history.HRISPromotionHistory02Runner" name="runScenario" time="21.540"/>
  <system-out/>
  <testcase classname="runner.promotion_history.HRISPromotionHistory02Runner" name="runScenario" time="20.095">
    <failure message="expected [Harusnya Tampil data search By ID Request] but found [No matching records found]" type="java.lang.AssertionError">
      <![CDATA[java.lang.AssertionError: expected [Harusnya Tampil data search By ID Request] but found [No matching records found]
at org.testng.Assert.fail(Assert.java:110)
at org.testng.Assert.failNotEquals(Assert.java:1413)
at org.testng.Assert.assertEqualsImpl(Assert.java:149)
at org.testng.Assert.assertEquals(Assert.java:131)
at org.testng.Assert.assertEquals(Assert.java:655)
at org.testng.Assert.assertEquals(Assert.java:665)
at definitions.promotion.HRISPagePromotionDefine.search_byIDReq(HRISPagePromotionDefine.java:570)
at ✽.Validasi search by ID Req(file:///D:/EclipseWorkSpace/TA_HRIS/src/test/resources/features/006-MODUL%20PROMOTION%20HISTORY/HRISPagePromotionHistory_Search.feature:31)
]]>
    </failure>
  </testcase> <!-- runScenario -->
  <system-out/>
  <testcase classname="runner.promotion_history.HRISPromotionHistory02Runner" name="runScenario" time="18.280"/>
  <system-out/>
  <testcase classname="runner.promotion_history.HRISPromotionHistory02Runner" name="runScenario" time="23.060"/>
  <system-out/>
  <testcase classname="runner.promotion_history.HRISPromotionHistory02Runner" name="runScenario" time="19.881"/>
  <system-out/>
  <testcase classname="runner.promotion_history.HRISPromotionHistory02Runner" name="runScenario" time="20.980"/>
  <system-out/>
  <testcase classname="runner.promotion_history.HRISPromotionHistory02Runner" name="runScenario" time="19.881"/>
  <system-out/>
</testsuite> <!-- runner.promotion_history.HRISPromotionHistory02Runner -->
